<?xml version="1.0" encoding="UTF-8"?>
<testsuite name="lib.StudentTest" tests="2" skipped="0" failures="0" errors="0" timestamp="2022-03-23T11:41:30" hostname="LAPTOP-6JD8EGJS" time="0.094">
  <properties/>
  <testcase name="testAvgMarks()" classname="lib.StudentTest" time="0.087"/>
  <testcase name="testTotalMarks()" classname="lib.StudentTest" time="0.003"/>
  <system-out><![CDATA[]]></system-out>
  <system-err><![CDATA[]]></system-err>
</testsuite>
